18:56:48.475 [main] INFO  testCases.TC002_LoginTest - Logging
21:56:11.650 [main] INFO  testCases.TC001_AccountRegistrationTest - **********  Starting TC001_AccountRegistrationTest  **********************
21:56:14.338 [main] INFO  testCases.TC001_AccountRegistrationTest - Giving customer details
21:56:15.902 [main] INFO  testCases.TC001_AccountRegistrationTest - Validating the account creation message
21:56:15.976 [main] INFO  testCases.TC001_AccountRegistrationTest - **********  Finished TC001_AccountRegistrationTest  **********************
21:56:26.057 [main] INFO  testCases.TC002_LoginTest - *********** Starting TC002_LoginTest **************
21:56:26.740 [main] INFO  testCases.TC002_LoginTest - Logging
21:56:27.882 [main] INFO  testCases.TC002_LoginTest - ********************* Finished TC002_LoginTest **********************
21:58:20.360 [main] INFO  testCases.TC001_AccountRegistrationTest - **********  Starting TC001_AccountRegistrationTest  **********************
21:58:23.061 [main] INFO  testCases.TC001_AccountRegistrationTest - Giving customer details
21:58:25.021 [main] INFO  testCases.TC001_AccountRegistrationTest - Validating the account creation message
21:58:25.081 [main] INFO  testCases.TC001_AccountRegistrationTest - **********  Finished TC001_AccountRegistrationTest  **********************
21:58:43.091 [main] INFO  testCases.TC002_LoginTest - *********** Starting TC002_LoginTest **************
21:58:44.002 [main] INFO  testCases.TC002_LoginTest - Logging
21:58:45.274 [main] INFO  testCases.TC002_LoginTest - ********************* Finished TC002_LoginTest **********************
09:54:57.387 [main] INFO  testCases.TC003_LoginDDT - ***** Starting TC003_LoginDDT *******
09:54:57.911 [main] INFO  testCases.TC003_LoginDDT - Logging
09:54:59.398 [main] INFO  testCases.TC003_LoginDDT - ***** Finished TC003_LoginDDT *****
09:54:59.419 [main] INFO  testCases.TC003_LoginDDT - ***** Starting TC003_LoginDDT *******
09:54:59.819 [main] INFO  testCases.TC003_LoginDDT - Logging
09:55:10.803 [main] INFO  testCases.TC003_LoginDDT - ***** Starting TC003_LoginDDT *******
09:55:11.306 [main] INFO  testCases.TC003_LoginDDT - Logging
09:55:13.036 [main] INFO  testCases.TC003_LoginDDT - ***** Starting TC003_LoginDDT *******
09:55:13.564 [main] INFO  testCases.TC003_LoginDDT - Logging
09:55:24.412 [main] INFO  testCases.TC003_LoginDDT - ***** Finished TC003_LoginDDT *****
09:56:16.754 [main] INFO  testCases.TC002_LoginTest - *********** Starting TC002_LoginTest **************
09:56:17.204 [main] INFO  testCases.TC002_LoginTest - Logging
09:56:18.259 [main] INFO  testCases.TC002_LoginTest - ********************* Finished TC002_LoginTest **********************
11:26:06.538 [main] INFO  testCases.TC002_LoginTest - *********** Starting TC002_LoginTest **************
11:26:06.999 [main] INFO  testCases.TC002_LoginTest - Logging
11:26:07.990 [main] INFO  testCases.TC002_LoginTest - ********************* Finished TC002_LoginTest **********************
11:29:07.240 [main] INFO  testCases.TC002_LoginTest - *********** Starting TC002_LoginTest **************
11:29:07.741 [main] INFO  testCases.TC002_LoginTest - Logging
11:29:08.718 [main] INFO  testCases.TC002_LoginTest - ********************* Finished TC002_LoginTest **********************
11:31:05.476 [main] INFO  testCases.TC002_LoginTest - *********** Starting TC002_LoginTest **************
11:31:05.960 [main] INFO  testCases.TC002_LoginTest - Logging
11:31:06.921 [main] INFO  testCases.TC002_LoginTest - ********************* Finished TC002_LoginTest **********************
11:31:25.361 [main] INFO  testCases.TC002_LoginTest - *********** Starting TC002_LoginTest **************
11:31:25.855 [main] INFO  testCases.TC002_LoginTest - Logging
11:31:26.812 [main] INFO  testCases.TC002_LoginTest - ********************* Finished TC002_LoginTest **********************
12:04:12.209 [main] INFO  testCases.TC002_LoginTest - *********** Starting TC002_LoginTest **************
12:04:12.673 [main] INFO  testCases.TC002_LoginTest - Logging
12:04:13.770 [main] INFO  testCases.TC002_LoginTest - ********************* Finished TC002_LoginTest **********************
